{"/media/jesper/B0C8DB1DC8DAE120/ProgramData/Hemsidor/TDD/fetch.js": {"path":"/media/jesper/B0C8DB1DC8DAE120/ProgramData/Hemsidor/TDD/fetch.js","statementMap":{"0":{"start":{"line":1,"column":14},"end":{"line":1,"column":30}},"1":{"start":{"line":3,"column":19},"end":{"line":11,"column":1}},"2":{"start":{"line":4,"column":2},"end":{"line":10,"column":3}},"3":{"start":{"line":5,"column":17},"end":{"line":5,"column":77}},"4":{"start":{"line":6,"column":21},"end":{"line":6,"column":42}},"5":{"start":{"line":7,"column":4},"end":{"line":7,"column":20}},"6":{"start":{"line":9,"column":4},"end":{"line":9,"column":23}},"7":{"start":{"line":13,"column":0},"end":{"line":17,"column":2}},"8":{"start":{"line":14,"column":2},"end":{"line":16,"column":4}},"9":{"start":{"line":15,"column":4},"end":{"line":15,"column":23}},"10":{"start":{"line":19,"column":0},"end":{"line":19,"column":32}}},"fnMap":{"0":{"name":"(anonymous_0)","decl":{"start":{"line":3,"column":19},"end":{"line":3,"column":20}},"loc":{"start":{"line":3,"column":31},"end":{"line":11,"column":1}},"line":3},"1":{"name":"(anonymous_1)","decl":{"start":{"line":13,"column":18},"end":{"line":13,"column":19}},"loc":{"start":{"line":14,"column":2},"end":{"line":16,"column":4}},"line":14},"2":{"name":"(anonymous_2)","decl":{"start":{"line":14,"column":12},"end":{"line":14,"column":13}},"loc":{"start":{"line":14,"column":22},"end":{"line":16,"column":3}},"line":14}},"branchMap":{},"s":{"0":1,"1":1,"2":5,"3":5,"4":5,"5":5,"6":0,"7":1,"8":1,"9":32,"10":1},"f":{"0":5,"1":1,"2":32},"b":{},"_coverageSchema":"1a1c01bbd47fc00a2c39e90264f33305004495a9","hash":"ddbf2acdbde517c89189b5c1501a5c7fee6e66b6"}
,"/media/jesper/B0C8DB1DC8DAE120/ProgramData/Hemsidor/TDD/script.js": {"path":"/media/jesper/B0C8DB1DC8DAE120/ProgramData/Hemsidor/TDD/script.js","statementMap":{"0":{"start":{"line":1,"column":14},"end":{"line":22,"column":1}},"1":{"start":{"line":2,"column":2},"end":{"line":21,"column":4}},"2":{"start":{"line":24,"column":19},"end":{"line":32,"column":1}},"3":{"start":{"line":25,"column":18},"end":{"line":30,"column":3}},"4":{"start":{"line":27,"column":6},"end":{"line":29,"column":32}},"5":{"start":{"line":31,"column":2},"end":{"line":31,"column":17}},"6":{"start":{"line":34,"column":16},"end":{"line":41,"column":1}},"7":{"start":{"line":43,"column":14},"end":{"line":43,"column":21}},"8":{"start":{"line":44,"column":17},"end":{"line":52,"column":1}},"9":{"start":{"line":45,"column":16},"end":{"line":45,"column":64}},"10":{"start":{"line":45,"column":37},"end":{"line":45,"column":63}},"11":{"start":{"line":46,"column":2},"end":{"line":48,"column":3}},"12":{"start":{"line":49,"column":2},"end":{"line":51,"column":3}},"13":{"start":{"line":54,"column":0},"end":{"line":54,"column":11}},"14":{"start":{"line":62,"column":0},"end":{"line":62,"column":58}}},"fnMap":{"0":{"name":"(anonymous_0)","decl":{"start":{"line":1,"column":14},"end":{"line":1,"column":15}},"loc":{"start":{"line":1,"column":20},"end":{"line":22,"column":1}},"line":1},"1":{"name":"(anonymous_1)","decl":{"start":{"line":24,"column":19},"end":{"line":24,"column":20}},"loc":{"start":{"line":24,"column":29},"end":{"line":32,"column":1}},"line":24},"2":{"name":"(anonymous_2)","decl":{"start":{"line":26,"column":4},"end":{"line":26,"column":5}},"loc":{"start":{"line":27,"column":6},"end":{"line":29,"column":32}},"line":27},"3":{"name":"(anonymous_3)","decl":{"start":{"line":44,"column":17},"end":{"line":44,"column":18}},"loc":{"start":{"line":44,"column":23},"end":{"line":52,"column":1}},"line":44},"4":{"name":"(anonymous_4)","decl":{"start":{"line":45,"column":27},"end":{"line":45,"column":28}},"loc":{"start":{"line":45,"column":37},"end":{"line":45,"column":63}},"line":45}},"branchMap":{"0":{"loc":{"start":{"line":27,"column":6},"end":{"line":29,"column":32}},"type":"binary-expr","locations":[{"start":{"line":27,"column":6},"end":{"line":27,"column":31}},{"start":{"line":28,"column":6},"end":{"line":28,"column":33}},{"start":{"line":29,"column":6},"end":{"line":29,"column":32}}],"line":27},"1":{"loc":{"start":{"line":46,"column":2},"end":{"line":48,"column":3}},"type":"if","locations":[{"start":{"line":46,"column":2},"end":{"line":48,"column":3}},{"start":{},"end":{}}],"line":46},"2":{"loc":{"start":{"line":49,"column":2},"end":{"line":51,"column":3}},"type":"if","locations":[{"start":{"line":49,"column":2},"end":{"line":51,"column":3}},{"start":{},"end":{}}],"line":49}},"s":{"0":1,"1":4,"2":1,"3":1,"4":3,"5":1,"6":1,"7":1,"8":1,"9":1,"10":3,"11":1,"12":1,"13":1,"14":1},"f":{"0":4,"1":1,"2":3,"3":1,"4":3},"b":{"0":[3,3,0],"1":[1,0],"2":[0,1]},"_coverageSchema":"1a1c01bbd47fc00a2c39e90264f33305004495a9","hash":"72489d9101376d0e0e49a50be0c545f21bdd11c3"}
}
