TN:
SF:fetch.js
FN:3,(anonymous_0)
FN:13,(anonymous_1)
FN:14,(anonymous_2)
FNF:3
FNH:3
FNDA:5,(anonymous_0)
FNDA:1,(anonymous_1)
FNDA:32,(anonymous_2)
DA:1,1
DA:3,1
DA:4,5
DA:5,5
DA:6,5
DA:7,5
DA:9,0
DA:13,1
DA:14,1
DA:15,32
DA:19,1
LF:11
LH:10
BRF:0
BRH:0
end_of_record
TN:
SF:script.js
FN:1,(anonymous_0)
FN:24,(anonymous_1)
FN:26,(anonymous_2)
FN:44,(anonymous_3)
FN:45,(anonymous_4)
FNF:5
FNH:5
FNDA:4,(anonymous_0)
FNDA:1,(anonymous_1)
FNDA:3,(anonymous_2)
FNDA:1,(anonymous_3)
FNDA:3,(anonymous_4)
DA:1,1
DA:2,4
DA:24,1
DA:25,1
DA:27,3
DA:31,1
DA:34,1
DA:43,1
DA:44,1
DA:45,3
DA:46,1
DA:49,1
DA:54,1
DA:62,1
LF:14
LH:14
BRDA:27,0,0,3
BRDA:27,0,1,3
BRDA:27,0,2,0
BRDA:46,1,0,1
BRDA:46,1,1,0
BRDA:49,2,0,0
BRDA:49,2,1,1
BRF:7
BRH:4
end_of_record
